<?xml version="1.0" encoding="UTF-8"?><testsuite errors="0" failures="1" name="Verificar la creacion de una nueva reunion" skipped="0" tests="1" time="84.14" timestamp="2023-09-19 02:57:22"><testcase name="Verificar que se haya creado una reunion"><failure message="&#10;Expected: an element that is currently visible&#10;     but: no matching element found by [[ChromeDriver: chrome on WINDOWS (f49dd174150de89fd7bcbfef5a44d315)] -&gt; xpath: //span[contains(text(),'Meetings')]] was not visible" type="java.lang.AssertionError">
Expected: an element that is currently visible
     but: no matching element found by [[ChromeDriver: chrome on WINDOWS (f49dd174150de89fd7bcbfef5a44d315)] -&gt; xpath: //span[contains(text(),'Meetings')]] was not visible</failure><system-err>
Expected: an element that is currently visible
     but: no matching element found by [[ChromeDriver: chrome on WINDOWS (f49dd174150de89fd7bcbfef5a44d315)] -&gt; xpath: //span[contains(text(),'Meetings')]] was not visible&#13;
co.com.choucair.certification.reto.tasks.CrearReunion.performAs(CrearReunion.java:26)&#13;
co.com.choucair.certification.reto.stepdefinitions.MeetingSteps.seCreaUnaReunion(MeetingSteps.java:17)&#13;
io.cucumber.java.Invoker.doInvoke(Invoker.java:66)&#13;
io.cucumber.java.Invoker.invoke(Invoker.java:24)&#13;
io.cucumber.java.AbstractGlueDefinition.invokeMethod(AbstractGlueDefinition.java:47)&#13;
io.cucumber.java.JavaStepDefinition.execute(JavaStepDefinition.java:29)&#13;
io.cucumber.core.runner.CoreStepDefinition.execute(CoreStepDefinition.java:66)&#13;
io.cucumber.core.runner.PickleStepDefinitionMatch.runStep(PickleStepDefinitionMatch.java:63)&#13;
io.cucumber.core.runner.TestStep.executeStep(TestStep.java:85)&#13;
io.cucumber.core.runner.TestStep.run(TestStep.java:57)&#13;
io.cucumber.core.runner.PickleStepTestStep.run(PickleStepTestStep.java:51)&#13;
io.cucumber.core.runner.TestCase.run(TestCase.java:84)&#13;
io.cucumber.core.runner.Runner.runPickle(Runner.java:75)&#13;
io.cucumber.core.runtime.CucumberExecutionContext.lambda$runTestCase$5(CucumberExecutionContext.java:129)&#13;
io.cucumber.core.runtime.RethrowingThrowableCollector.executeAndThrow(RethrowingThrowableCollector.java:23)&#13;
io.cucumber.core.runtime.CucumberExecutionContext.runTestCase(CucumberExecutionContext.java:129)&#13;
io.cucumber.junit.FeatureRunner.runChild(FeatureRunner.java:144)&#13;
io.cucumber.junit.FeatureRunner.runChild(FeatureRunner.java:28)&#13;
io.cucumber.junit.FeatureRunner.run(FeatureRunner.java:137)&#13;
io.cucumber.junit.CucumberSerenityRunner.runChild(CucumberSerenityRunner.java:259)&#13;
io.cucumber.junit.CucumberSerenityRunner.runChild(CucumberSerenityRunner.java:59)&#13;
worker.org.gradle.process.internal.worker.GradleWorkerMain.run(GradleWorkerMain.java:69)&#13;
worker.org.gradle.process.internal.worker.GradleWorkerMain.main(GradleWorkerMain.java:74)&#13;
</system-err></testcase></testsuite>